2025-03-02 10:03:08,529 - __main__ - INFO - Запуск парсера ВК -> Телеграм
2025-03-02 10:03:09,426 - __main__ - INFO - Запуск тестовой публикации
2025-03-02 10:03:09,426 - __main__ - INFO - Начинаем публикацию случайного поста
2025-03-02 10:03:11,718 - __main__ - INFO - Получено 5 постов с видео из группы rbc
2025-03-02 10:03:15,354 - __main__ - INFO - Получено 17 постов с видео из группы ria
2025-03-02 10:03:15,762 - __main__ - INFO - Получено 0 постов с видео из группы sciencepop
2025-03-02 10:03:18,584 - __main__ - INFO - Получено 12 постов с видео из группы kinopoisk
2025-03-02 10:03:20,687 - __main__ - INFO - Получено 2 постов с видео из группы varlamov
2025-03-02 10:03:21,098 - __main__ - ERROR - Ошибка при получении постов из ВК (группа nplus1): [30] This profile is private
2025-03-02 10:03:21,104 - __main__ - INFO - Начинаем скачивание видео: https://vk.com/video-108468_456254994
2025-03-02 10:03:23,053 - __main__ - INFO - Видео успешно скачано: temp_videos\Clip by @kinopoisk.mp4
2025-03-02 10:03:25,274 - __main__ - INFO - Пост успешно опубликован в канале @Testparserkanal
2025-03-02 10:03:25,279 - __main__ - INFO - Временная директория очищена
2025-03-02 10:03:25,280 - __main__ - INFO - Пост kinopoisk_3341192 из группы kinopoisk успешно опубликован
2025-03-02 10:03:25,281 - __main__ - INFO - Тестовая публикация завершена
2025-03-02 10:07:50,195 - __main__ - INFO - Запуск парсера ВК -> Телеграм
2025-03-02 10:07:52,197 - __main__ - INFO - Запуск тестовой публикации
2025-03-02 10:07:52,197 - __main__ - INFO - Начинаем публикацию случайного поста
2025-03-02 10:07:54,073 - __main__ - INFO - Получено 1 постов с видео из группы recepticys
2025-03-02 10:07:56,186 - __main__ - INFO - Получено 56 постов с видео из группы box_tea
2025-03-02 10:07:58,995 - __main__ - INFO - Получено 99 постов с видео из группы 219956325
2025-03-02 10:08:01,044 - __main__ - INFO - Получено 45 постов с видео из группы retsepty_video
2025-03-02 10:08:01,045 - __main__ - INFO - Начинаем скачивание видео: https://vk.com/video-219956325_456241410_365aefe5b2ec9afdc1
2025-03-02 10:08:05,062 - __main__ - INFO - Пост успешно опубликован в канале @Testparserkanal
2025-03-02 10:08:05,069 - __main__ - INFO - Временная директория очищена
2025-03-02 10:08:05,071 - __main__ - INFO - Пост 219956325_12474 из группы 219956325 успешно опубликован
2025-03-02 10:08:05,072 - __main__ - INFO - Тестовая публикация завершена
2025-03-02 10:14:00,377 - __main__ - INFO - Запуск парсера ВК -> Телеграм
2025-03-02 10:14:00,606 - __main__ - INFO - Запуск тестовой публикации
2025-03-02 10:14:00,606 - __main__ - INFO - Начинаем публикацию случайного поста
2025-03-02 10:14:02,524 - __main__ - INFO - Получено 1 постов с видео из группы recepticys
2025-03-02 10:14:05,210 - __main__ - INFO - Получено 56 постов с видео из группы box_tea
2025-03-02 10:14:07,874 - __main__ - INFO - Получено 99 постов с видео из группы 219956325
2025-03-02 10:14:09,757 - __main__ - INFO - Получено 45 постов с видео из группы retsepty_video
2025-03-02 10:14:09,758 - __main__ - INFO - Начинаем скачивание видео: https://vk.com/video-219956325_456241429_56e630f1d5f18d4dc0
2025-03-02 10:14:11,710 - __main__ - INFO - Видео успешно скачано: temp_videos\video_1740899649.mp4
2025-03-02 10:14:13,218 - __main__ - INFO - Пост успешно опубликован в канале @Testparserkanal
2025-03-02 10:14:13,223 - __main__ - INFO - Временная директория очищена
2025-03-02 10:14:13,224 - __main__ - INFO - Пост 219956325_12490 из группы 219956325 успешно опубликован
2025-03-02 10:14:13,226 - __main__ - INFO - Тестовая публикация завершена
2025-03-02 10:15:07,079 - __main__ - INFO - Запуск парсера ВК -> Телеграм
2025-03-02 10:15:07,319 - __main__ - INFO - Запуск тестовой публикации
2025-03-02 10:15:07,320 - __main__ - INFO - Начинаем публикацию случайного поста
2025-03-02 10:15:09,311 - __main__ - INFO - Получено 1 постов с видео из группы recepticys
2025-03-02 10:15:11,110 - __main__ - INFO - Получено 56 постов с видео из группы box_tea
2025-03-02 10:15:13,698 - __main__ - INFO - Получено 99 постов с видео из группы 219956325
2025-03-02 10:15:15,484 - __main__ - INFO - Получено 45 постов с видео из группы retsepty_video
2025-03-02 10:15:15,484 - __main__ - INFO - Начинаем скачивание видео: https://vk.com/video-219956325_456241406_5d1bb121078549fae8
2025-03-02 10:15:17,116 - __main__ - INFO - Видео успешно скачано: temp_videos\video_1740899715.mp4
2025-03-02 10:15:18,531 - __main__ - INFO - Пост успешно опубликован в канале @Testparserkanal
2025-03-02 10:15:18,536 - __main__ - INFO - Временная директория очищена
2025-03-02 10:15:18,539 - __main__ - INFO - Пост 219956325_12518 из группы 219956325 успешно опубликован
2025-03-02 10:15:18,539 - __main__ - INFO - Тестовая публикация завершена
